#
# A fatal error has been detected by the Java Runtime Environment:
#
#  EXCEPTION_ACCESS_VIOLATION (0xc0000005) at pc=0x00007ffe81443ace, pid=4568, tid=15828
#
# JRE version: Java(TM) SE Runtime Environment 18.9 (11.0.8+10) (build 11.0.8+10-LTS)
# Java VM: Java HotSpot(TM) 64-Bit Server VM 18.9 (11.0.8+10-LTS, mixed mode, tiered, compressed oops, g1 gc, windows-amd64)
# Problematic frame:
# V  [jvm.dll+0x653ace]
#
# No core dump will be written. Minidumps are not enabled by default on client versions of Windows
#
# If you would like to submit a bug report, please visit:
#   https://bugreport.java.com/bugreport/crash.jsp
#

---------------  S U M M A R Y ------------

Command Line: -Dmaven.multiModuleProjectDirectory=E:\Side_stuff\development\plugins\HungerGames\HungerGames -Dmaven.home=C:\Program Files\JetBrains\IntelliJ IDEA Community Edition 2021.3.2\plugins\maven\lib\maven3 -Dclassworlds.conf=C:\Program Files\JetBrains\IntelliJ IDEA Community Edition 2021.3.2\plugins\maven\lib\maven3\bin\m2.conf -Dmaven.ext.class.path=C:\Program Files\JetBrains\IntelliJ IDEA Community Edition 2021.3.2\plugins\maven\lib\maven-event-listener.jar -javaagent:C:\Program Files\JetBrains\IntelliJ IDEA Community Edition 2021.3.2\lib\idea_rt.jar=64838:C:\Program Files\JetBrains\IntelliJ IDEA Community Edition 2021.3.2\bin -Dfile.encoding=UTF-8 org.codehaus.classworlds.Launcher -Didea.version=2021.3.2 package

Host: AMD Ryzen 7 3700X 8-Core Processor             , 16 cores, 15G,  Windows 10 , 64 bit Build 19041 (10.0.19041.1566)
Time: Wed Mar 16 14:46:52 2022 FLE Standard Time elapsed time: 4 seconds (0d 0h 0m 4s)

---------------  T H R E A D  ---------------

Current thread (0x000001c93fd9f800):  JavaThread "C2 CompilerThread2" daemon [_thread_in_native, id=15828, stack(0x00000029db700000,0x00000029db800000)]


Current CompileTask:
C2:   4145 8155       4       com.sun.tools.javac.comp.Resolve::rawInstantiate (508 bytes)

Stack: [0x00000029db700000,0x00000029db800000],  sp=0x00000029db7fb930,  free space=1006k
Native frames: (J=compiled Java code, j=interpreted, Vv=VM code, C=native code)
V  [jvm.dll+0x653ace]
V  [jvm.dll+0x192fcf]
V  [jvm.dll+0x1fc3f2]
V  [jvm.dll+0x1fb49f]
V  [jvm.dll+0x17e0fc]
V  [jvm.dll+0x20aaa4]
V  [jvm.dll+0x208b7b]
V  [jvm.dll+0x6ff90c]
V  [jvm.dll+0x6f845c]
V  [jvm.dll+0x600d66]
C  [ucrtbase.dll+0x21bb2]
C  [KERNEL32.DLL+0x17034]
C  [ntdll.dll+0x52651]


siginfo: EXCEPTION_ACCESS_VIOLATION (0xc0000005), reading address 0x0000000000000040


Register to memory mapping:

RIP=0x00007ffe81443ace jvm.dll
RAX=0x000001c946f74228 points into unknown readable memory: e0 71 ae 44 c9 01 00 00
RBX=0x000001c946f741d8 points into unknown readable memory: 80 55 ae 44 c9 01 00 00
RCX=0x000001c93fd9f800 is a thread
RDX=0x000001c94005faa0 points into unknown readable memory: 10 eb e3 3f c9 01 00 00
RSP=0x00000029db7fb930 is pointing into the stack for thread: 0x000001c93fd9f800
RBP=0x00000029db7fba30 is pointing into the stack for thread: 0x000001c93fd9f800
RSI=0x0000000000000007 is an unknown value
RDI=0x00000029db7fe8a8 is pointing into the stack for thread: 0x000001c93fd9f800
R8 =0x000001c9412063a0 points into unknown readable memory: 20 3b 5f 81 fe 7f 00 00
R9 =0x0 is NULL
R10=0x0000000000000008 is an unknown value
R11=0x0000000000000068 is an unknown value
R12=64 is a compressed pointer to class: 0x0000000800000040
R13=0x000000000002a580 is an unknown value
R14=0x0000000000000068 is an unknown value
R15=0x0000000000000001 is an unknown value


Registers:
RAX=0x000001c946f74228, RBX=0x000001c946f741d8, RCX=0x000001c93fd9f800, RDX=0x000001c94005faa0
RSP=0x00000029db7fb930, RBP=0x00000029db7fba30, RSI=0x0000000000000007, RDI=0x00000029db7fe8a8
R8 =0x000001c9412063a0, R9 =0x0000000000000000, R10=0x0000000000000008, R11=0x0000000000000068
R12=0x0000000000000040, R13=0x000000000002a580, R14=0x0000000000000068, R15=0x0000000000000001
RIP=0x00007ffe81443ace, EFLAGS=0x0000000000010206

Top of Stack: (sp=0x00000029db7fb930)
0x00000029db7fb930:   00000029db7fc1b0 00000029db7fba30
0x00000029db7fb940:   000001c949f272d0 000000000000001f
0x00000029db7fb950:   000001c90000221c 000001c9408cf230
0x00000029db7fb960:   000001c93ea03d90 00000029db7fbb20
0x00000029db7fb970:   000001c90000006d 00000029db7fbc40
0x00000029db7fb980:   000000010000006d 0000000002000002
0x00000029db7fb990:   0000000100000003 000001c9412063a0
0x00000029db7fb9a0:   000000ca0000043c 0000000000000000
0x00000029db7fb9b0:   0000002900000068 0000000000000068
0x00000029db7fb9c0:   000001c94045d570 000005b600000000
0x00000029db7fb9d0:   000001c94045dbc0 000001c93ea03d90
0x00000029db7fb9e0:   000001c941206c70 00000f0d00000000
0x00000029db7fb9f0:   00000029db7fbee0 0000002900000013
0x00000029db7fba00:   000001c946e244e0 000001c943f58c60
0x00000029db7fba10:   000001c93e9ff9d0 000000000002a580
0x00000029db7fba20:   0000000000000000 000001c942794b90 

Instructions: (pc=0x00007ffe81443ace)
0x00007ffe81443aae:   33 c0 48 8b cf 41 8d 50 50 e8 34 64 a6 ff 48 8b
0x00007ffe81443abe:   d8 eb 04 48 89 47 18 48 85 db 0f 84 96 00 00 00
0x00007ffe81443ace:   49 8b 04 24 49 8b cc ff 50 28 4c 8b 64 24 68 48
0x00007ffe81443ade:   8b f8 49 8b cc e8 e8 73 ab ff 48 8b cb 4c 8b f0 


Stack slot to memory mapping:
stack at sp + 0 slots: 0x00000029db7fc1b0 is pointing into the stack for thread: 0x000001c93fd9f800
stack at sp + 1 slots: 0x00000029db7fba30 is pointing into the stack for thread: 0x000001c93fd9f800
stack at sp + 2 slots: 0x000001c949f272d0 points into unknown readable memory: cb 19 f2 e1 8d 9a 0b 40
stack at sp + 3 slots: 0x000000000000001f is an unknown value
stack at sp + 4 slots: 0x000001c90000221c is an unknown value
stack at sp + 5 slots: 0x000001c9408cf230 points into unknown readable memory: 00 00 00 00 00 00 00 00
stack at sp + 6 slots: 0x000001c93ea03d90 points into unknown readable memory: 00 00 00 00 00 00 00 00
stack at sp + 7 slots: 0x00000029db7fbb20 is pointing into the stack for thread: 0x000001c93fd9f800


---------------  P R O C E S S  ---------------

Threads class SMR info:
_java_thread_list=0x000001c93ee1f250, length=21, elements={
0x000001c919217000, 0x000001c93e792800, 0x000001c93e79d800, 0x000001c93e7ed800,
0x000001c93e7ee800, 0x000001c93e7ef800, 0x000001c93e802000, 0x000001c93e80d000,
0x000001c93e990800, 0x000001c93e996000, 0x000001c93e99f000, 0x000001c93e9a0000,
0x000001c93ec97000, 0x000001c93ec98000, 0x000001c93f282800, 0x000001c93fd9f800,
0x000001c94006e800, 0x000001c93fdc5000, 0x000001c940eac000, 0x000001c9430a9000,
0x000001c946765800
}

Java Threads: ( => current thread )
  0x000001c919217000 JavaThread "main" [_thread_in_Java, id=4360, stack(0x00000029da100000,0x00000029da200000)]
  0x000001c93e792800 JavaThread "Reference Handler" daemon [_thread_blocked, id=1152, stack(0x00000029da800000,0x00000029da900000)]
  0x000001c93e79d800 JavaThread "Finalizer" daemon [_thread_blocked, id=5188, stack(0x00000029da900000,0x00000029daa00000)]
  0x000001c93e7ed800 JavaThread "Signal Dispatcher" daemon [_thread_blocked, id=2916, stack(0x00000029daa00000,0x00000029dab00000)]
  0x000001c93e7ee800 JavaThread "Attach Listener" daemon [_thread_blocked, id=2496, stack(0x00000029dab00000,0x00000029dac00000)]
  0x000001c93e7ef800 JavaThread "C2 CompilerThread0" daemon [_thread_in_native, id=16984, stack(0x00000029dac00000,0x00000029dad00000)]
  0x000001c93e802000 JavaThread "C1 CompilerThread0" daemon [_thread_in_vm, id=7952, stack(0x00000029dad00000,0x00000029dae00000)]
  0x000001c93e80d000 JavaThread "Sweeper thread" daemon [_thread_blocked, id=1776, stack(0x00000029dae00000,0x00000029daf00000)]
  0x000001c93e990800 JavaThread "Common-Cleaner" daemon [_thread_blocked, id=5696, stack(0x00000029daf00000,0x00000029db000000)]
  0x000001c93e996000 JavaThread "C1 CompilerThread1" daemon [_thread_blocked, id=1476, stack(0x00000029db000000,0x00000029db100000)]
  0x000001c93e99f000 JavaThread "C1 CompilerThread2" daemon [_thread_blocked, id=7616, stack(0x00000029db100000,0x00000029db200000)]
  0x000001c93e9a0000 JavaThread "C2 CompilerThread1" daemon [_thread_in_native, id=15580, stack(0x00000029db200000,0x00000029db300000)]
  0x000001c93ec97000 JavaThread "Monitor Ctrl-Break" daemon [_thread_in_native, id=8000, stack(0x00000029db300000,0x00000029db400000)]
  0x000001c93ec98000 JavaThread "Service Thread" daemon [_thread_blocked, id=14904, stack(0x00000029db400000,0x00000029db500000)]
  0x000001c93f282800 JavaThread "C1 CompilerThread3" daemon [_thread_blocked, id=12068, stack(0x00000029db600000,0x00000029db700000)]
=>0x000001c93fd9f800 JavaThread "C2 CompilerThread2" daemon [_thread_in_native, id=15828, stack(0x00000029db700000,0x00000029db800000)]
  0x000001c94006e800 JavaThread "C2 CompilerThread3" daemon [_thread_in_native, id=16824, stack(0x00000029db800000,0x00000029db900000)]
  0x000001c93fdc5000 JavaThread "C2 CompilerThread4" daemon [_thread_in_native, id=16540, stack(0x00000029db900000,0x00000029dba00000)]
  0x000001c940eac000 JavaThread "C2 CompilerThread5" daemon [_thread_in_native, id=15080, stack(0x00000029dc200000,0x00000029dc300000)]
  0x000001c9430a9000 JavaThread "C2 CompilerThread6" daemon [_thread_in_native, id=14632, stack(0x00000029dc300000,0x00000029dc400000)]
  0x000001c946765800 JavaThread "C2 CompilerThread7" daemon [_thread_in_native, id=5876, stack(0x00000029dc400000,0x00000029dc500000)]

Other Threads:
  0x000001c93e76f800 VMThread "VM Thread" [stack: 0x00000029da700000,0x00000029da800000] [id=8228]
  0x000001c93ec3e800 WatcherThread [stack: 0x00000029db500000,0x00000029db600000] [id=15928]
  0x000001c91922c000 GCTaskThread "GC Thread#0" [stack: 0x00000029da200000,0x00000029da300000] [id=15704]
  0x000001c93fd42800 GCTaskThread "GC Thread#1" [stack: 0x00000029dba00000,0x00000029dbb00000] [id=5788]
  0x000001c93fcd9800 GCTaskThread "GC Thread#2" [stack: 0x00000029dbb00000,0x00000029dbc00000] [id=7440]
  0x000001c9400d7000 GCTaskThread "GC Thread#3" [stack: 0x00000029dbc00000,0x00000029dbd00000] [id=4456]
  0x000001c94014a800 GCTaskThread "GC Thread#4" [stack: 0x00000029dbd00000,0x00000029dbe00000] [id=2160]
  0x000001c94003c800 GCTaskThread "GC Thread#5" [stack: 0x00000029dbe00000,0x00000029dbf00000] [id=17396]
  0x000001c9471c5000 GCTaskThread "GC Thread#6" [stack: 0x00000029dc900000,0x00000029dca00000] [id=9604]
  0x000001c919287000 ConcurrentGCThread "G1 Main Marker" [stack: 0x00000029da300000,0x00000029da400000] [id=2828]
  0x000001c919288800 ConcurrentGCThread "G1 Conc#0" [stack: 0x00000029da400000,0x00000029da500000] [id=7556]
  0x000001c940fcd800 ConcurrentGCThread "G1 Conc#1" [stack: 0x00000029dbf00000,0x00000029dc000000] [id=12480]
  0x000001c94135d000 ConcurrentGCThread "G1 Conc#2" [stack: 0x00000029dc000000,0x00000029dc100000] [id=2152]
  0x000001c93ddce800 ConcurrentGCThread "G1 Refine#0" [stack: 0x00000029da500000,0x00000029da600000] [id=9644]
  0x000001c944a20000 ConcurrentGCThread "G1 Refine#1" [stack: 0x00000029dc100000,0x00000029dc200000] [id=15744]
  0x000001c94689d800 ConcurrentGCThread "G1 Refine#2" [stack: 0x00000029dc500000,0x00000029dc600000] [id=1488]
  0x000001c943010000 ConcurrentGCThread "G1 Refine#3" [stack: 0x00000029dc600000,0x00000029dc700000] [id=12892]
  0x000001c943e6d800 ConcurrentGCThread "G1 Refine#4" [stack: 0x00000029dc700000,0x00000029dc800000] [id=4632]
  0x000001c945d4b800 ConcurrentGCThread "G1 Refine#5" [stack: 0x00000029dc800000,0x00000029dc900000] [id=3492]
  0x000001c93ddcf800 ConcurrentGCThread "G1 Young RemSet Sampling" [stack: 0x00000029da600000,0x00000029da700000] [id=16056]

Threads with active compile tasks:
C2 CompilerThread0   4169 8531       4       com.sun.tools.javac.util.Bits::dup (43 bytes)
C2 CompilerThread1   4169 8147       4       com.sun.tools.javac.comp.Resolve::isAccessible (394 bytes)
C2 CompilerThread2   4169 8155       4       com.sun.tools.javac.comp.Resolve::rawInstantiate (508 bytes)
C2 CompilerThread3   4169 8202       4       com.sun.tools.javac.comp.Lower::access (719 bytes)
C2 CompilerThread4   4169 8186       4       com.sun.tools.javac.comp.Resolve$4::argumentsAcceptable (69 bytes)
C2 CompilerThread5   4169 8210       4       com.sun.tools.javac.code.Types$4::visitClassType (10 bytes)
C2 CompilerThread6   4169 8120       4       com.sun.tools.javac.code.Types$MembersClosureCache::visitClassType (10 bytes)
C2 CompilerThread7   4169 8119   !   4       com.sun.tools.javac.code.Types$MembersClosureCache::visitClassType (216 bytes)

VM state:not at safepoint (normal execution)

VM Mutex/Monitor currently owned by a thread: None

Heap address: 0x0000000700c00000, size: 4084 MB, Compressed Oops mode: Zero based, Oop shift amount: 3
Narrow klass base: 0x0000000800000000, Narrow klass shift: 0
Compressed class space size: 1073741824 Address: 0x0000000800000000

Heap:
 garbage-first heap   total 315392K, used 81277K [0x0000000700c00000, 0x0000000800000000)
  region size 1024K, 35 young (35840K), 3 survivors (3072K)
 Metaspace       used 36132K, capacity 36917K, committed 37072K, reserved 1083392K
  class space    used 3648K, capacity 3903K, committed 3968K, reserved 1048576K
Heap Regions: E=young(eden), S=young(survivor), O=old, HS=humongous(starts), HC=humongous(continues), CS=collection set, F=free, A=archive, TAMS=top-at-mark-start (previous, next)
|   0|0x0000000700c00000, 0x0000000700d00000, 0x0000000700d00000|100%| O|  |TAMS 0x0000000700d00000, 0x0000000700c00000| Untracked 
|   1|0x0000000700d00000, 0x0000000700e00000, 0x0000000700e00000|100%| O|  |TAMS 0x0000000700e00000, 0x0000000700d00000| Untracked 
|   2|0x0000000700e00000, 0x0000000700f00000, 0x0000000700f00000|100%| O|  |TAMS 0x0000000700f00000, 0x0000000700e00000| Untracked 
|   3|0x0000000700f00000, 0x0000000701000000, 0x0000000701000000|100%| O|  |TAMS 0x0000000701000000, 0x0000000700f00000| Untracked 
|   4|0x0000000701000000, 0x0000000701100000, 0x0000000701100000|100%|HS|  |TAMS 0x0000000701100000, 0x0000000701000000| Complete 
|   5|0x0000000701100000, 0x0000000701200000, 0x0000000701200000|100%|HS|  |TAMS 0x0000000701200000, 0x0000000701100000| Complete 
|   6|0x0000000701200000, 0x0000000701300000, 0x0000000701300000|100%|HC|  |TAMS 0x0000000701300000, 0x0000000701200000| Complete 
|   7|0x0000000701300000, 0x0000000701400000, 0x0000000701400000|100%|HS|  |TAMS 0x0000000701400000, 0x0000000701300000| Complete 
|   8|0x0000000701400000, 0x0000000701500000, 0x0000000701500000|100%| O|  |TAMS 0x0000000701500000, 0x0000000701400000| Untracked 
|   9|0x0000000701500000, 0x0000000701600000, 0x0000000701600000|100%| O|  |TAMS 0x0000000701600000, 0x0000000701500000| Untracked 
|  10|0x0000000701600000, 0x0000000701700000, 0x0000000701700000|100%|HS|  |TAMS 0x0000000701700000, 0x0000000701600000| Complete 
|  11|0x0000000701700000, 0x0000000701800000, 0x0000000701800000|100%|HS|  |TAMS 0x0000000701800000, 0x0000000701700000| Complete 
|  12|0x0000000701800000, 0x0000000701900000, 0x0000000701900000|100%|HC|  |TAMS 0x0000000701900000, 0x0000000701800000| Complete 
|  13|0x0000000701900000, 0x0000000701a00000, 0x0000000701a00000|100%| O|  |TAMS 0x0000000701a00000, 0x0000000701900000| Untracked 
|  14|0x0000000701a00000, 0x0000000701b00000, 0x0000000701b00000|100%| O|  |TAMS 0x0000000701b00000, 0x0000000701a00000| Untracked 
|  15|0x0000000701b00000, 0x0000000701c00000, 0x0000000701c00000|100%| O|  |TAMS 0x0000000701c00000, 0x0000000701b00000| Untracked 
|  16|0x0000000701c00000, 0x0000000701d00000, 0x0000000701d00000|100%| O|  |TAMS 0x0000000701d00000, 0x0000000701c00000| Untracked 
|  17|0x0000000701d00000, 0x0000000701e00000, 0x0000000701e00000|100%| O|  |TAMS 0x0000000701e00000, 0x0000000701d00000| Untracked 
|  18|0x0000000701e00000, 0x0000000701f00000, 0x0000000701f00000|100%| O|  |TAMS 0x0000000701f00000, 0x0000000701e00000| Untracked 
|  19|0x0000000701f00000, 0x0000000702000000, 0x0000000702000000|100%| O|  |TAMS 0x0000000702000000, 0x0000000701f00000| Untracked 
|  20|0x0000000702000000, 0x0000000702100000, 0x0000000702100000|100%| O|  |TAMS 0x0000000702100000, 0x0000000702000000| Untracked 
|  21|0x0000000702100000, 0x0000000702200000, 0x0000000702200000|100%| O|  |TAMS 0x0000000702200000, 0x0000000702100000| Untracked 
|  22|0x0000000702200000, 0x0000000702300000, 0x0000000702300000|100%| O|  |TAMS 0x0000000702300000, 0x0000000702200000| Untracked 
|  23|0x0000000702300000, 0x0000000702400000, 0x0000000702400000|100%| O|  |TAMS 0x0000000702400000, 0x0000000702300000| Untracked 
|  24|0x0000000702400000, 0x0000000702500000, 0x0000000702500000|100%| O|  |TAMS 0x0000000702500000, 0x0000000702400000| Untracked 
|  25|0x0000000702500000, 0x0000000702600000, 0x0000000702600000|100%| O|  |TAMS 0x0000000702600000, 0x0000000702500000| Untracked 
|  26|0x0000000702600000, 0x0000000702700000, 0x0000000702700000|100%| O|  |TAMS 0x0000000702700000, 0x0000000702600000| Untracked 
|  27|0x0000000702700000, 0x0000000702800000, 0x0000000702800000|100%| O|  |TAMS 0x0000000702800000, 0x0000000702700000| Untracked 
|  28|0x0000000702800000, 0x0000000702900000, 0x0000000702900000|100%| O|  |TAMS 0x0000000702900000, 0x0000000702800000| Untracked 
|  29|0x0000000702900000, 0x0000000702a00000, 0x0000000702a00000|100%| O|  |TAMS 0x0000000702a00000, 0x0000000702900000| Untracked 
|  30|0x0000000702a00000, 0x0000000702b00000, 0x0000000702b00000|100%| O|  |TAMS 0x0000000702b00000, 0x0000000702a00000| Untracked 
|  31|0x0000000702b00000, 0x0000000702c00000, 0x0000000702c00000|100%| O|  |TAMS 0x0000000702c00000, 0x0000000702b00000| Untracked 
|  32|0x0000000702c00000, 0x0000000702d00000, 0x0000000702d00000|100%| O|  |TAMS 0x0000000702d00000, 0x0000000702c00000| Untracked 
|  33|0x0000000702d00000, 0x0000000702e00000, 0x0000000702e00000|100%| O|  |TAMS 0x0000000702e00000, 0x0000000702d00000| Untracked 
|  34|0x0000000702e00000, 0x0000000702f00000, 0x0000000702f00000|100%| O|  |TAMS 0x0000000702f00000, 0x0000000702e00000| Untracked 
|  35|0x0000000702f00000, 0x0000000703000000, 0x0000000703000000|100%| O|  |TAMS 0x0000000703000000, 0x0000000702f00000| Untracked 
|  36|0x0000000703000000, 0x0000000703100000, 0x0000000703100000|100%| O|  |TAMS 0x0000000703100000, 0x0000000703000000| Untracked 
|  37|0x0000000703100000, 0x0000000703200000, 0x0000000703200000|100%| O|  |TAMS 0x0000000703200000, 0x0000000703100000| Untracked 
|  38|0x0000000703200000, 0x0000000703300000, 0x0000000703300000|100%| O|  |TAMS 0x0000000703300000, 0x0000000703200000| Untracked 
|  39|0x0000000703300000, 0x0000000703400000, 0x0000000703400000|100%| O|  |TAMS 0x0000000703400000, 0x0000000703300000| Untracked 
|  40|0x0000000703400000, 0x0000000703500000, 0x0000000703500000|100%| O|  |TAMS 0x0000000703500000, 0x0000000703400000| Untracked 
|  41|0x0000000703500000, 0x0000000703600000, 0x0000000703600000|100%| O|  |TAMS 0x0000000703600000, 0x0000000703500000| Untracked 
|  42|0x0000000703600000, 0x0000000703700000, 0x0000000703700000|100%| O|  |TAMS 0x0000000703700000, 0x0000000703600000| Untracked 
|  43|0x0000000703700000, 0x0000000703800000, 0x0000000703800000|100%| O|  |TAMS 0x0000000703800000, 0x0000000703700000| Untracked 
|  44|0x0000000703800000, 0x0000000703900000, 0x0000000703900000|100%| O|  |TAMS 0x0000000703900000, 0x0000000703800000| Untracked 
|  45|0x0000000703900000, 0x0000000703981200, 0x0000000703a00000| 50%| O|  |TAMS 0x0000000703981200, 0x0000000703900000| Untracked 
|  46|0x0000000703a00000, 0x0000000703a00000, 0x0000000703b00000|  0%| F|  |TAMS 0x0000000703a00000, 0x0000000703a00000| Untracked 
|  47|0x0000000703b00000, 0x0000000703b00000, 0x0000000703c00000|  0%| F|  |TAMS 0x0000000703b00000, 0x0000000703b00000| Untracked 
|  48|0x0000000703c00000, 0x0000000703c00000, 0x0000000703d00000|  0%| F|  |TAMS 0x0000000703c00000, 0x0000000703c00000| Untracked 
|  49|0x0000000703d00000, 0x0000000703d00000, 0x0000000703e00000|  0%| F|  |TAMS 0x0000000703d00000, 0x0000000703d00000| Untracked 
|  50|0x0000000703e00000, 0x0000000703e00000, 0x0000000703f00000|  0%| F|  |TAMS 0x0000000703e00000, 0x0000000703e00000| Untracked 
|  51|0x0000000703f00000, 0x0000000703f00000, 0x0000000704000000|  0%| F|  |TAMS 0x0000000703f00000, 0x0000000703f00000| Untracked 
|  52|0x0000000704000000, 0x0000000704000000, 0x0000000704100000|  0%| F|  |TAMS 0x0000000704000000, 0x0000000704000000| Untracked 
|  53|0x0000000704100000, 0x0000000704100000, 0x0000000704200000|  0%| F|  |TAMS 0x0000000704100000, 0x0000000704100000| Untracked 
|  54|0x0000000704200000, 0x0000000704200000, 0x0000000704300000|  0%| F|  |TAMS 0x0000000704200000, 0x0000000704200000| Untracked 
|  55|0x0000000704300000, 0x0000000704300000, 0x0000000704400000|  0%| F|  |TAMS 0x0000000704300000, 0x0000000704300000| Untracked 
|  56|0x0000000704400000, 0x0000000704400000, 0x0000000704500000|  0%| F|  |TAMS 0x0000000704400000, 0x0000000704400000| Untracked 
|  57|0x0000000704500000, 0x0000000704500000, 0x0000000704600000|  0%| F|  |TAMS 0x0000000704500000, 0x0000000704500000| Untracked 
|  58|0x0000000704600000, 0x0000000704600000, 0x0000000704700000|  0%| F|  |TAMS 0x0000000704600000, 0x0000000704600000| Untracked 
|  59|0x0000000704700000, 0x0000000704700000, 0x0000000704800000|  0%| F|  |TAMS 0x0000000704700000, 0x0000000704700000| Untracked 
|  60|0x0000000704800000, 0x0000000704800000, 0x0000000704900000|  0%| F|  |TAMS 0x0000000704800000, 0x0000000704800000| Untracked 
|  61|0x0000000704900000, 0x0000000704900000, 0x0000000704a00000|  0%| F|  |TAMS 0x0000000704900000, 0x0000000704900000| Untracked 
|  62|0x0000000704a00000, 0x0000000704a00000, 0x0000000704b00000|  0%| F|  |TAMS 0x0000000704a00000, 0x0000000704a00000| Untracked 
|  63|0x0000000704b00000, 0x0000000704b00000, 0x0000000704c00000|  0%| F|  |TAMS 0x0000000704b00000, 0x0000000704b00000| Untracked 
|  64|0x0000000704c00000, 0x0000000704c00000, 0x0000000704d00000|  0%| F|  |TAMS 0x0000000704c00000, 0x0000000704c00000| Untracked 
|  65|0x0000000704d00000, 0x0000000704d00000, 0x0000000704e00000|  0%| F|  |TAMS 0x0000000704d00000, 0x0000000704d00000| Untracked 
|  66|0x0000000704e00000, 0x0000000704e00000, 0x0000000704f00000|  0%| F|  |TAMS 0x0000000704e00000, 0x0000000704e00000| Untracked 
|  67|0x0000000704f00000, 0x0000000704f00000, 0x0000000705000000|  0%| F|  |TAMS 0x0000000704f00000, 0x0000000704f00000| Untracked 
|  68|0x0000000705000000, 0x0000000705000000, 0x0000000705100000|  0%| F|  |TAMS 0x0000000705000000, 0x0000000705000000| Untracked 
|  69|0x0000000705100000, 0x0000000705100000, 0x0000000705200000|  0%| F|  |TAMS 0x0000000705100000, 0x0000000705100000| Untracked 
|  70|0x0000000705200000, 0x0000000705200000, 0x0000000705300000|  0%| F|  |TAMS 0x0000000705200000, 0x0000000705200000| Untracked 
|  71|0x0000000705300000, 0x0000000705300000, 0x0000000705400000|  0%| F|  |TAMS 0x0000000705300000, 0x0000000705300000| Untracked 
|  72|0x0000000705400000, 0x0000000705400000, 0x0000000705500000|  0%| F|  |TAMS 0x0000000705400000, 0x0000000705400000| Untracked 
|  73|0x0000000705500000, 0x0000000705500000, 0x0000000705600000|  0%| F|  |TAMS 0x0000000705500000, 0x0000000705500000| Untracked 
|  74|0x0000000705600000, 0x0000000705600000, 0x0000000705700000|  0%| F|  |TAMS 0x0000000705600000, 0x0000000705600000| Untracked 
|  75|0x0000000705700000, 0x0000000705700000, 0x0000000705800000|  0%| F|  |TAMS 0x0000000705700000, 0x0000000705700000| Untracked 
|  76|0x0000000705800000, 0x0000000705800000, 0x0000000705900000|  0%| F|  |TAMS 0x0000000705800000, 0x0000000705800000| Untracked 
|  77|0x0000000705900000, 0x0000000705900000, 0x0000000705a00000|  0%| F|  |TAMS 0x0000000705900000, 0x0000000705900000| Untracked 
|  78|0x0000000705a00000, 0x0000000705a00000, 0x0000000705b00000|  0%| F|  |TAMS 0x0000000705a00000, 0x0000000705a00000| Untracked 
|  79|0x0000000705b00000, 0x0000000705b00000, 0x0000000705c00000|  0%| F|  |TAMS 0x0000000705b00000, 0x0000000705b00000| Untracked 
|  80|0x0000000705c00000, 0x0000000705c00000, 0x0000000705d00000|  0%| F|  |TAMS 0x0000000705c00000, 0x0000000705c00000| Untracked 
|  81|0x0000000705d00000, 0x0000000705d00000, 0x0000000705e00000|  0%| F|  |TAMS 0x0000000705d00000, 0x0000000705d00000| Untracked 
|  82|0x0000000705e00000, 0x0000000705e00000, 0x0000000705f00000|  0%| F|  |TAMS 0x0000000705e00000, 0x0000000705e00000| Untracked 
|  83|0x0000000705f00000, 0x0000000705f00000, 0x0000000706000000|  0%| F|  |TAMS 0x0000000705f00000, 0x0000000705f00000| Untracked 
|  84|0x0000000706000000, 0x0000000706000000, 0x0000000706100000|  0%| F|  |TAMS 0x0000000706000000, 0x0000000706000000| Untracked 
|  85|0x0000000706100000, 0x0000000706100000, 0x0000000706200000|  0%| F|  |TAMS 0x0000000706100000, 0x0000000706100000| Untracked 
|  86|0x0000000706200000, 0x0000000706200000, 0x0000000706300000|  0%| F|  |TAMS 0x0000000706200000, 0x0000000706200000| Untracked 
|  87|0x0000000706300000, 0x0000000706300000, 0x0000000706400000|  0%| F|  |TAMS 0x0000000706300000, 0x0000000706300000| Untracked 
|  88|0x0000000706400000, 0x0000000706400000, 0x0000000706500000|  0%| F|  |TAMS 0x0000000706400000, 0x0000000706400000| Untracked 
|  89|0x0000000706500000, 0x0000000706500000, 0x0000000706600000|  0%| F|  |TAMS 0x0000000706500000, 0x0000000706500000| Untracked 
|  90|0x0000000706600000, 0x0000000706600000, 0x0000000706700000|  0%| F|  |TAMS 0x0000000706600000, 0x0000000706600000| Untracked 
|  91|0x0000000706700000, 0x0000000706700000, 0x0000000706800000|  0%| F|  |TAMS 0x0000000706700000, 0x0000000706700000| Untracked 
|  92|0x0000000706800000, 0x0000000706800000, 0x0000000706900000|  0%| F|  |TAMS 0x0000000706800000, 0x0000000706800000| Untracked 
|  93|0x0000000706900000, 0x0000000706900000, 0x0000000706a00000|  0%| F|  |TAMS 0x0000000706900000, 0x0000000706900000| Untracked 
|  94|0x0000000706a00000, 0x0000000706a00000, 0x0000000706b00000|  0%| F|  |TAMS 0x0000000706a00000, 0x0000000706a00000| Untracked 
|  95|0x0000000706b00000, 0x0000000706b00000, 0x0000000706c00000|  0%| F|  |TAMS 0x0000000706b00000, 0x0000000706b00000| Untracked 
|  96|0x0000000706c00000, 0x0000000706c00000, 0x0000000706d00000|  0%| F|  |TAMS 0x0000000706c00000, 0x0000000706c00000| Untracked 
|  97|0x0000000706d00000, 0x0000000706d00000, 0x0000000706e00000|  0%| F|  |TAMS 0x0000000706d00000, 0x0000000706d00000| Untracked 
|  98|0x0000000706e00000, 0x0000000706e00000, 0x0000000706f00000|  0%| F|  |TAMS 0x0000000706e00000, 0x0000000706e00000| Untracked 
|  99|0x0000000706f00000, 0x0000000706f00000, 0x0000000707000000|  0%| F|  |TAMS 0x0000000706f00000, 0x0000000706f00000| Untracked 
| 100|0x0000000707000000, 0x0000000707000000, 0x0000000707100000|  0%| F|  |TAMS 0x0000000707000000, 0x0000000707000000| Untracked 
| 101|0x0000000707100000, 0x0000000707100000, 0x0000000707200000|  0%| F|  |TAMS 0x0000000707100000, 0x0000000707100000| Untracked 
| 102|0x0000000707200000, 0x0000000707200000, 0x0000000707300000|  0%| F|  |TAMS 0x0000000707200000, 0x0000000707200000| Untracked 
| 103|0x0000000707300000, 0x0000000707300000, 0x0000000707400000|  0%| F|  |TAMS 0x0000000707300000, 0x0000000707300000| Untracked 
| 104|0x0000000707400000, 0x0000000707400000, 0x0000000707500000|  0%| F|  |TAMS 0x0000000707400000, 0x0000000707400000| Untracked 
| 105|0x0000000707500000, 0x0000000707500000, 0x0000000707600000|  0%| F|  |TAMS 0x0000000707500000, 0x0000000707500000| Untracked 
| 106|0x0000000707600000, 0x0000000707600000, 0x0000000707700000|  0%| F|  |TAMS 0x0000000707600000, 0x0000000707600000| Untracked 
| 107|0x0000000707700000, 0x0000000707700000, 0x0000000707800000|  0%| F|  |TAMS 0x0000000707700000, 0x0000000707700000| Untracked 
| 108|0x0000000707800000, 0x0000000707800000, 0x0000000707900000|  0%| F|  |TAMS 0x0000000707800000, 0x0000000707800000| Untracked 
| 109|0x0000000707900000, 0x0000000707900000, 0x0000000707a00000|  0%| F|  |TAMS 0x0000000707900000, 0x0000000707900000| Untracked 
| 110|0x0000000707a00000, 0x0000000707a00000, 0x0000000707b00000|  0%| F|  |TAMS 0x0000000707a00000, 0x0000000707a00000| Untracked 
| 111|0x0000000707b00000, 0x0000000707b00000, 0x0000000707c00000|  0%| F|  |TAMS 0x0000000707b00000, 0x0000000707b00000| Untracked 
| 112|0x0000000707c00000, 0x0000000707c00000, 0x0000000707d00000|  0%| F|  |TAMS 0x0000000707c00000, 0x0000000707c00000| Untracked 
| 113|0x0000000707d00000, 0x0000000707d00000, 0x0000000707e00000|  0%| F|  |TAMS 0x0000000707d00000, 0x0000000707d00000| Untracked 
| 114|0x0000000707e00000, 0x0000000707e00000, 0x0000000707f00000|  0%| F|  |TAMS 0x0000000707e00000, 0x0000000707e00000| Untracked 
| 115|0x0000000707f00000, 0x0000000707f00000, 0x0000000708000000|  0%| F|  |TAMS 0x0000000707f00000, 0x0000000707f00000| Untracked 
| 116|0x0000000708000000, 0x0000000708000000, 0x0000000708100000|  0%| F|  |TAMS 0x0000000708000000, 0x0000000708000000| Untracked 
| 117|0x0000000708100000, 0x0000000708100000, 0x0000000708200000|  0%| F|  |TAMS 0x0000000708100000, 0x0000000708100000| Untracked 
| 118|0x0000000708200000, 0x0000000708200000, 0x0000000708300000|  0%| F|  |TAMS 0x0000000708200000, 0x0000000708200000| Untracked 
| 119|0x0000000708300000, 0x0000000708300000, 0x0000000708400000|  0%| F|  |TAMS 0x0000000708300000, 0x0000000708300000| Untracked 
| 120|0x0000000708400000, 0x0000000708400000, 0x0000000708500000|  0%| F|  |TAMS 0x0000000708400000, 0x0000000708400000| Untracked 
| 121|0x0000000708500000, 0x0000000708500000, 0x0000000708600000|  0%| F|  |TAMS 0x0000000708500000, 0x0000000708500000| Untracked 
| 122|0x0000000708600000, 0x0000000708600000, 0x0000000708700000|  0%| F|  |TAMS 0x0000000708600000, 0x0000000708600000| Untracked 
| 123|0x0000000708700000, 0x0000000708700000, 0x0000000708800000|  0%| F|  |TAMS 0x0000000708700000, 0x0000000708700000| Untracked 
| 124|0x0000000708800000, 0x0000000708800000, 0x0000000708900000|  0%| F|  |TAMS 0x0000000708800000, 0x0000000708800000| Untracked 
| 125|0x0000000708900000, 0x0000000708900000, 0x0000000708a00000|  0%| F|  |TAMS 0x0000000708900000, 0x0000000708900000| Untracked 
| 126|0x0000000708a00000, 0x0000000708a00000, 0x0000000708b00000|  0%| F|  |TAMS 0x0000000708a00000, 0x0000000708a00000| Untracked 
| 127|0x0000000708b00000, 0x0000000708b00000, 0x0000000708c00000|  0%| F|  |TAMS 0x0000000708b00000, 0x0000000708b00000| Untracked 
| 128|0x0000000708c00000, 0x0000000708c00000, 0x0000000708d00000|  0%| F|  |TAMS 0x0000000708c00000, 0x0000000708c00000| Untracked 
| 129|0x0000000708d00000, 0x0000000708d00000, 0x0000000708e00000|  0%| F|  |TAMS 0x0000000708d00000, 0x0000000708d00000| Untracked 
| 130|0x0000000708e00000, 0x0000000708e00000, 0x0000000708f00000|  0%| F|  |TAMS 0x0000000708e00000, 0x0000000708e00000| Untracked 
| 131|0x0000000708f00000, 0x0000000708f00000, 0x0000000709000000|  0%| F|  |TAMS 0x0000000708f00000, 0x0000000708f00000| Untracked 
| 132|0x0000000709000000, 0x0000000709000000, 0x0000000709100000|  0%| F|  |TAMS 0x0000000709000000, 0x0000000709000000| Untracked 
| 133|0x0000000709100000, 0x0000000709100000, 0x0000000709200000|  0%| F|  |TAMS 0x0000000709100000, 0x0000000709100000| Untracked 
| 134|0x0000000709200000, 0x0000000709200000, 0x0000000709300000|  0%| F|  |TAMS 0x0000000709200000, 0x0000000709200000| Untracked 
| 135|0x0000000709300000, 0x0000000709300000, 0x0000000709400000|  0%| F|  |TAMS 0x0000000709300000, 0x0000000709300000| Untracked 
| 136|0x0000000709400000, 0x0000000709400000, 0x0000000709500000|  0%| F|  |TAMS 0x0000000709400000, 0x0000000709400000| Untracked 
| 137|0x0000000709500000, 0x0000000709500000, 0x0000000709600000|  0%| F|  |TAMS 0x0000000709500000, 0x0000000709500000| Untracked 
| 138|0x0000000709600000, 0x0000000709600000, 0x0000000709700000|  0%| F|  |TAMS 0x0000000709600000, 0x0000000709600000| Untracked 
| 139|0x0000000709700000, 0x0000000709700000, 0x0000000709800000|  0%| F|  |TAMS 0x0000000709700000, 0x0000000709700000| Untracked 
| 140|0x0000000709800000, 0x0000000709800000, 0x0000000709900000|  0%| F|  |TAMS 0x0000000709800000, 0x0000000709800000| Untracked 
| 141|0x0000000709900000, 0x0000000709900000, 0x0000000709a00000|  0%| F|  |TAMS 0x0000000709900000, 0x0000000709900000| Untracked 
| 142|0x0000000709a00000, 0x0000000709a00000, 0x0000000709b00000|  0%| F|  |TAMS 0x0000000709a00000, 0x0000000709a00000| Untracked 
| 143|0x0000000709b00000, 0x0000000709b00000, 0x0000000709c00000|  0%| F|  |TAMS 0x0000000709b00000, 0x0000000709b00000| Untracked 
| 144|0x0000000709c00000, 0x0000000709c00000, 0x0000000709d00000|  0%| F|  |TAMS 0x0000000709c00000, 0x0000000709c00000| Untracked 
| 145|0x0000000709d00000, 0x0000000709d00000, 0x0000000709e00000|  0%| F|  |TAMS 0x0000000709d00000, 0x0000000709d00000| Untracked 
| 146|0x0000000709e00000, 0x0000000709e00000, 0x0000000709f00000|  0%| F|  |TAMS 0x0000000709e00000, 0x0000000709e00000| Untracked 
| 147|0x0000000709f00000, 0x0000000709f00000, 0x000000070a000000|  0%| F|  |TAMS 0x0000000709f00000, 0x0000000709f00000| Untracked 
| 148|0x000000070a000000, 0x000000070a000000, 0x000000070a100000|  0%| F|  |TAMS 0x000000070a000000, 0x000000070a000000| Untracked 
| 149|0x000000070a100000, 0x000000070a100000, 0x000000070a200000|  0%| F|  |TAMS 0x000000070a100000, 0x000000070a100000| Untracked 
| 150|0x000000070a200000, 0x000000070a200000, 0x000000070a300000|  0%| F|  |TAMS 0x000000070a200000, 0x000000070a200000| Untracked 
| 151|0x000000070a300000, 0x000000070a300000, 0x000000070a400000|  0%| F|  |TAMS 0x000000070a300000, 0x000000070a300000| Untracked 
| 152|0x000000070a400000, 0x000000070a400000, 0x000000070a500000|  0%| F|  |TAMS 0x000000070a400000, 0x000000070a400000| Untracked 
| 153|0x000000070a500000, 0x000000070a500000, 0x000000070a600000|  0%| F|  |TAMS 0x000000070a500000, 0x000000070a500000| Untracked 
| 154|0x000000070a600000, 0x000000070a600000, 0x000000070a700000|  0%| F|  |TAMS 0x000000070a600000, 0x000000070a600000| Untracked 
| 155|0x000000070a700000, 0x000000070a700000, 0x000000070a800000|  0%| F|  |TAMS 0x000000070a700000, 0x000000070a700000| Untracked 
| 156|0x000000070a800000, 0x000000070a800000, 0x000000070a900000|  0%| F|  |TAMS 0x000000070a800000, 0x000000070a800000| Untracked 
| 157|0x000000070a900000, 0x000000070a900000, 0x000000070aa00000|  0%| F|  |TAMS 0x000000070a900000, 0x000000070a900000| Untracked 
| 158|0x000000070aa00000, 0x000000070aa00000, 0x000000070ab00000|  0%| F|  |TAMS 0x000000070aa00000, 0x000000070aa00000| Untracked 
| 159|0x000000070ab00000, 0x000000070ab00000, 0x000000070ac00000|  0%| F|  |TAMS 0x000000070ab00000, 0x000000070ab00000| Untracked 
| 160|0x000000070ac00000, 0x000000070ac00000, 0x000000070ad00000|  0%| F|  |TAMS 0x000000070ac00000, 0x000000070ac00000| Untracked 
| 161|0x000000070ad00000, 0x000000070ad00000, 0x000000070ae00000|  0%| F|  |TAMS 0x000000070ad00000, 0x000000070ad00000| Untracked 
| 162|0x000000070ae00000, 0x000000070ae00000, 0x000000070af00000|  0%| F|  |TAMS 0x000000070ae00000, 0x000000070ae00000| Untracked 
| 163|0x000000070af00000, 0x000000070af00000, 0x000000070b000000|  0%| F|  |TAMS 0x000000070af00000, 0x000000070af00000| Untracked 
| 164|0x000000070b000000, 0x000000070b000000, 0x000000070b100000|  0%| F|  |TAMS 0x000000070b000000, 0x000000070b000000| Untracked 
| 165|0x000000070b100000, 0x000000070b100000, 0x000000070b200000|  0%| F|  |TAMS 0x000000070b100000, 0x000000070b100000| Untracked 
| 166|0x000000070b200000, 0x000000070b200000, 0x000000070b300000|  0%| F|  |TAMS 0x000000070b200000, 0x000000070b200000| Untracked 
| 167|0x000000070b300000, 0x000000070b300000, 0x000000070b400000|  0%| F|  |TAMS 0x000000070b300000, 0x000000070b300000| Untracked 
| 168|0x000000070b400000, 0x000000070b400000, 0x000000070b500000|  0%| F|  |TAMS 0x000000070b400000, 0x000000070b400000| Untracked 
| 169|0x000000070b500000, 0x000000070b500000, 0x000000070b600000|  0%| F|  |TAMS 0x000000070b500000, 0x000000070b500000| Untracked 
| 170|0x000000070b600000, 0x000000070b600000, 0x000000070b700000|  0%| F|  |TAMS 0x000000070b600000, 0x000000070b600000| Untracked 
| 171|0x000000070b700000, 0x000000070b700000, 0x000000070b800000|  0%| F|  |TAMS 0x000000070b700000, 0x000000070b700000| Untracked 
| 172|0x000000070b800000, 0x000000070b800000, 0x000000070b900000|  0%| F|  |TAMS 0x000000070b800000, 0x000000070b800000| Untracked 
| 173|0x000000070b900000, 0x000000070b900000, 0x000000070ba00000|  0%| F|  |TAMS 0x000000070b900000, 0x000000070b900000| Untracked 
| 174|0x000000070ba00000, 0x000000070ba00000, 0x000000070bb00000|  0%| F|  |TAMS 0x000000070ba00000, 0x000000070ba00000| Untracked 
| 175|0x000000070bb00000, 0x000000070bb00000, 0x000000070bc00000|  0%| F|  |TAMS 0x000000070bb00000, 0x000000070bb00000| Untracked 
| 176|0x000000070bc00000, 0x000000070bc00000, 0x000000070bd00000|  0%| F|  |TAMS 0x000000070bc00000, 0x000000070bc00000| Untracked 
| 177|0x000000070bd00000, 0x000000070bd00000, 0x000000070be00000|  0%| F|  |TAMS 0x000000070bd00000, 0x000000070bd00000| Untracked 
| 178|0x000000070be00000, 0x000000070be00000, 0x000000070bf00000|  0%| F|  |TAMS 0x000000070be00000, 0x000000070be00000| Untracked 
| 179|0x000000070bf00000, 0x000000070bf00000, 0x000000070c000000|  0%| F|  |TAMS 0x000000070bf00000, 0x000000070bf00000| Untracked 
| 180|0x000000070c000000, 0x000000070c000000, 0x000000070c100000|  0%| F|  |TAMS 0x000000070c000000, 0x000000070c000000| Untracked 
| 181|0x000000070c100000, 0x000000070c100000, 0x000000070c200000|  0%| F|  |TAMS 0x000000070c100000, 0x000000070c100000| Untracked 
| 182|0x000000070c200000, 0x000000070c200000, 0x000000070c300000|  0%| F|  |TAMS 0x000000070c200000, 0x000000070c200000| Untracked 
| 183|0x000000070c300000, 0x000000070c300000, 0x000000070c400000|  0%| F|  |TAMS 0x000000070c300000, 0x000000070c300000| Untracked 
| 184|0x000000070c400000, 0x000000070c400000, 0x000000070c500000|  0%| F|  |TAMS 0x000000070c400000, 0x000000070c400000| Untracked 
| 185|0x000000070c500000, 0x000000070c500000, 0x000000070c600000|  0%| F|  |TAMS 0x000000070c500000, 0x000000070c500000| Untracked 
| 186|0x000000070c600000, 0x000000070c600000, 0x000000070c700000|  0%| F|  |TAMS 0x000000070c600000, 0x000000070c600000| Untracked 
| 187|0x000000070c700000, 0x000000070c700000, 0x000000070c800000|  0%| F|  |TAMS 0x000000070c700000, 0x000000070c700000| Untracked 
| 188|0x000000070c800000, 0x000000070c800000, 0x000000070c900000|  0%| F|  |TAMS 0x000000070c800000, 0x000000070c800000| Untracked 
| 189|0x000000070c900000, 0x000000070c900000, 0x000000070ca00000|  0%| F|  |TAMS 0x000000070c900000, 0x000000070c900000| Untracked 
| 190|0x000000070ca00000, 0x000000070ca00000, 0x000000070cb00000|  0%| F|  |TAMS 0x000000070ca00000, 0x000000070ca00000| Untracked 
| 191|0x000000070cb00000, 0x000000070cb00000, 0x000000070cc00000|  0%| F|  |TAMS 0x000000070cb00000, 0x000000070cb00000| Untracked 
| 192|0x000000070cc00000, 0x000000070cc00000, 0x000000070cd00000|  0%| F|  |TAMS 0x000000070cc00000, 0x000000070cc00000| Untracked 
| 193|0x000000070cd00000, 0x000000070cd00000, 0x000000070ce00000|  0%| F|  |TAMS 0x000000070cd00000, 0x000000070cd00000| Untracked 
| 194|0x000000070ce00000, 0x000000070ce00000, 0x000000070cf00000|  0%| F|  |TAMS 0x000000070ce00000, 0x000000070ce00000| Untracked 
| 195|0x000000070cf00000, 0x000000070cf00000, 0x000000070d000000|  0%| F|  |TAMS 0x000000070cf00000, 0x000000070cf00000| Untracked 
| 196|0x000000070d000000, 0x000000070d000000, 0x000000070d100000|  0%| F|  |TAMS 0x000000070d000000, 0x000000070d000000| Untracked 
| 197|0x000000070d100000, 0x000000070d100000, 0x000000070d200000|  0%| F|  |TAMS 0x000000070d100000, 0x000000070d100000| Untracked 
| 198|0x000000070d200000, 0x000000070d200000, 0x000000070d300000|  0%| F|  |TAMS 0x000000070d200000, 0x000000070d200000| Untracked 
| 199|0x000000070d300000, 0x000000070d300000, 0x000000070d400000|  0%| F|  |TAMS 0x000000070d300000, 0x000000070d300000| Untracked 
| 200|0x000000070d400000, 0x000000070d400000, 0x000000070d500000|  0%| F|  |TAMS 0x000000070d400000, 0x000000070d400000| Untracked 
| 201|0x000000070d500000, 0x000000070d500000, 0x000000070d600000|  0%| F|  |TAMS 0x000000070d500000, 0x000000070d500000| Untracked 
| 202|0x000000070d600000, 0x000000070d600000, 0x000000070d700000|  0%| F|  |TAMS 0x000000070d600000, 0x000000070d600000| Untracked 
| 203|0x000000070d700000, 0x000000070d700000, 0x000000070d800000|  0%| F|  |TAMS 0x000000070d700000, 0x000000070d700000| Untracked 
| 204|0x000000070d800000, 0x000000070d800000, 0x000000070d900000|  0%| F|  |TAMS 0x000000070d800000, 0x000000070d800000| Untracked 
| 205|0x000000070d900000, 0x000000070d900000, 0x000000070da00000|  0%| F|  |TAMS 0x000000070d900000, 0x000000070d900000| Untracked 
| 206|0x000000070da00000, 0x000000070da00000, 0x000000070db00000|  0%| F|  |TAMS 0x000000070da00000, 0x000000070da00000| Untracked 
| 207|0x000000070db00000, 0x000000070db00000, 0x000000070dc00000|  0%| F|  |TAMS 0x000000070db00000, 0x000000070db00000| Untracked 
| 208|0x000000070dc00000, 0x000000070dc00000, 0x000000070dd00000|  0%| F|  |TAMS 0x000000070dc00000, 0x000000070dc00000| Untracked 
| 209|0x000000070dd00000, 0x000000070dd00000, 0x000000070de00000|  0%| F|  |TAMS 0x000000070dd00000, 0x000000070dd00000| Untracked 
| 210|0x000000070de00000, 0x000000070de00000, 0x000000070df00000|  0%| F|  |TAMS 0x000000070de00000, 0x000000070de00000| Untracked 
| 211|0x000000070df00000, 0x000000070df00000, 0x000000070e000000|  0%| F|  |TAMS 0x000000070df00000, 0x000000070df00000| Untracked 
| 212|0x000000070e000000, 0x000000070e000000, 0x000000070e100000|  0%| F|  |TAMS 0x000000070e000000, 0x000000070e000000| Untracked 
| 213|0x000000070e100000, 0x000000070e100000, 0x000000070e200000|  0%| F|  |TAMS 0x000000070e100000, 0x000000070e100000| Untracked 
| 214|0x000000070e200000, 0x000000070e200000, 0x000000070e300000|  0%| F|  |TAMS 0x000000070e200000, 0x000000070e200000| Untracked 
| 215|0x000000070e300000, 0x000000070e300000, 0x000000070e400000|  0%| F|  |TAMS 0x000000070e300000, 0x000000070e300000| Untracked 
| 216|0x000000070e400000, 0x000000070e400000, 0x000000070e500000|  0%| F|  |TAMS 0x000000070e400000, 0x000000070e400000| Untracked 
| 217|0x000000070e500000, 0x000000070e500000, 0x000000070e600000|  0%| F|  |TAMS 0x000000070e500000, 0x000000070e500000| Untracked 
| 218|0x000000070e600000, 0x000000070e600000, 0x000000070e700000|  0%| F|  |TAMS 0x000000070e600000, 0x000000070e600000| Untracked 
| 219|0x000000070e700000, 0x000000070e700000, 0x000000070e800000|  0%| F|  |TAMS 0x000000070e700000, 0x000000070e700000| Untracked 
| 220|0x000000070e800000, 0x000000070e800000, 0x000000070e900000|  0%| F|  |TAMS 0x000000070e800000, 0x000000070e800000| Untracked 
| 221|0x000000070e900000, 0x000000070e900000, 0x000000070ea00000|  0%| F|  |TAMS 0x000000070e900000, 0x000000070e900000| Untracked 
| 222|0x000000070ea00000, 0x000000070ea00000, 0x000000070eb00000|  0%| F|  |TAMS 0x000000070ea00000, 0x000000070ea00000| Untracked 
| 223|0x000000070eb00000, 0x000000070eb00000, 0x000000070ec00000|  0%| F|  |TAMS 0x000000070eb00000, 0x000000070eb00000| Untracked 
| 224|0x000000070ec00000, 0x000000070ec00000, 0x000000070ed00000|  0%| F|  |TAMS 0x000000070ec00000, 0x000000070ec00000| Untracked 
| 225|0x000000070ed00000, 0x000000070ed00000, 0x000000070ee00000|  0%| F|  |TAMS 0x000000070ed00000, 0x000000070ed00000| Untracked 
| 226|0x000000070ee00000, 0x000000070ee00000, 0x000000070ef00000|  0%| F|  |TAMS 0x000000070ee00000, 0x000000070ee00000| Untracked 
| 227|0x000000070ef00000, 0x000000070ef00000, 0x000000070f000000|  0%| F|  |TAMS 0x000000070ef00000, 0x000000070ef00000| Untracked 
| 228|0x000000070f000000, 0x000000070f000000, 0x000000070f100000|  0%| F|  |TAMS 0x000000070f000000, 0x000000070f000000| Untracked 
| 229|0x000000070f100000, 0x000000070f100000, 0x000000070f200000|  0%| F|  |TAMS 0x000000070f100000, 0x000000070f100000| Untracked 
| 230|0x000000070f200000, 0x000000070f200000, 0x000000070f300000|  0%| F|  |TAMS 0x000000070f200000, 0x000000070f200000| Untracked 
| 231|0x000000070f300000, 0x000000070f300000, 0x000000070f400000|  0%| F|  |TAMS 0x000000070f300000, 0x000000070f300000| Untracked 
| 232|0x000000070f400000, 0x000000070f400000, 0x000000070f500000|  0%| F|  |TAMS 0x000000070f400000, 0x000000070f400000| Untracked 
| 233|0x000000070f500000, 0x000000070f500000, 0x000000070f600000|  0%| F|  |TAMS 0x000000070f500000, 0x000000070f500000| Untracked 
| 234|0x000000070f600000, 0x000000070f600000, 0x000000070f700000|  0%| F|  |TAMS 0x000000070f600000, 0x000000070f600000| Untracked 
| 235|0x000000070f700000, 0x000000070f700000, 0x000000070f800000|  0%| F|  |TAMS 0x000000070f700000, 0x000000070f700000| Untracked 
| 236|0x000000070f800000, 0x000000070f800000, 0x000000070f900000|  0%| F|  |TAMS 0x000000070f800000, 0x000000070f800000| Untracked 
| 237|0x000000070f900000, 0x000000070f900000, 0x000000070fa00000|  0%| F|  |TAMS 0x000000070f900000, 0x000000070f900000| Untracked 
| 238|0x000000070fa00000, 0x000000070fa00000, 0x000000070fb00000|  0%| F|  |TAMS 0x000000070fa00000, 0x000000070fa00000| Untracked 
| 239|0x000000070fb00000, 0x000000070fb00000, 0x000000070fc00000|  0%| F|  |TAMS 0x000000070fb00000, 0x000000070fb00000| Untracked 
| 240|0x000000070fc00000, 0x000000070fc00000, 0x000000070fd00000|  0%| F|  |TAMS 0x000000070fc00000, 0x000000070fc00000| Untracked 
| 241|0x000000070fd00000, 0x000000070fd00000, 0x000000070fe00000|  0%| F|  |TAMS 0x000000070fd00000, 0x000000070fd00000| Untracked 
| 242|0x000000070fe00000, 0x000000070fe00000, 0x000000070ff00000|  0%| F|  |TAMS 0x000000070fe00000, 0x000000070fe00000| Untracked 
| 243|0x000000070ff00000, 0x000000070ff00000, 0x0000000710000000|  0%| F|  |TAMS 0x000000070ff00000, 0x000000070ff00000| Untracked 
| 244|0x0000000710000000, 0x0000000710000000, 0x0000000710100000|  0%| F|  |TAMS 0x0000000710000000, 0x0000000710000000| Untracked 
| 245|0x0000000710100000, 0x0000000710100000, 0x0000000710200000|  0%| F|  |TAMS 0x0000000710100000, 0x0000000710100000| Untracked 
| 246|0x0000000710200000, 0x0000000710200000, 0x0000000710300000|  0%| F|  |TAMS 0x0000000710200000, 0x0000000710200000| Untracked 
| 247|0x0000000710300000, 0x0000000710300000, 0x0000000710400000|  0%| F|  |TAMS 0x0000000710300000, 0x0000000710300000| Untracked 
| 248|0x0000000710400000, 0x0000000710400000, 0x0000000710500000|  0%| F|  |TAMS 0x0000000710400000, 0x0000000710400000| Untracked 
| 249|0x0000000710500000, 0x0000000710500000, 0x0000000710600000|  0%| F|  |TAMS 0x0000000710500000, 0x0000000710500000| Untracked 
| 250|0x0000000710600000, 0x0000000710600000, 0x0000000710700000|  0%| F|  |TAMS 0x0000000710600000, 0x0000000710600000| Untracked 
| 251|0x0000000710700000, 0x0000000710700000, 0x0000000710800000|  0%| F|  |TAMS 0x0000000710700000, 0x0000000710700000| Untracked 
| 252|0x0000000710800000, 0x0000000710800000, 0x0000000710900000|  0%| F|  |TAMS 0x0000000710800000, 0x0000000710800000| Untracked 
| 253|0x0000000710900000, 0x0000000710900000, 0x0000000710a00000|  0%| F|  |TAMS 0x0000000710900000, 0x0000000710900000| Untracked 
| 254|0x0000000710a00000, 0x0000000710a00000, 0x0000000710b00000|  0%| F|  |TAMS 0x0000000710a00000, 0x0000000710a00000| Untracked 
| 255|0x0000000710b00000, 0x0000000710b00000, 0x0000000710c00000|  0%| F|  |TAMS 0x0000000710b00000, 0x0000000710b00000| Untracked 
| 256|0x0000000710c00000, 0x0000000710c00000, 0x0000000710d00000|  0%| F|  |TAMS 0x0000000710c00000, 0x0000000710c00000| Untracked 
| 257|0x0000000710d00000, 0x0000000710d00000, 0x0000000710e00000|  0%| F|  |TAMS 0x0000000710d00000, 0x0000000710d00000| Untracked 
| 258|0x0000000710e00000, 0x0000000710e00000, 0x0000000710f00000|  0%| F|  |TAMS 0x0000000710e00000, 0x0000000710e00000| Untracked 
| 259|0x0000000710f00000, 0x0000000710f00000, 0x0000000711000000|  0%| F|  |TAMS 0x0000000710f00000, 0x0000000710f00000| Untracked 
| 260|0x0000000711000000, 0x0000000711000000, 0x0000000711100000|  0%| F|  |TAMS 0x0000000711000000, 0x0000000711000000| Untracked 
| 261|0x0000000711100000, 0x0000000711100000, 0x0000000711200000|  0%| F|  |TAMS 0x0000000711100000, 0x0000000711100000| Untracked 
| 262|0x0000000711200000, 0x0000000711200000, 0x0000000711300000|  0%| F|  |TAMS 0x0000000711200000, 0x0000000711200000| Untracked 
| 263|0x0000000711300000, 0x0000000711300000, 0x0000000711400000|  0%| F|  |TAMS 0x0000000711300000, 0x0000000711300000| Untracked 
| 264|0x0000000711400000, 0x0000000711400000, 0x0000000711500000|  0%| F|  |TAMS 0x0000000711400000, 0x0000000711400000| Untracked 
| 265|0x0000000711500000, 0x0000000711500000, 0x0000000711600000|  0%| F|  |TAMS 0x0000000711500000, 0x0000000711500000| Untracked 
| 266|0x0000000711600000, 0x0000000711600000, 0x0000000711700000|  0%| F|  |TAMS 0x0000000711600000, 0x0000000711600000| Untracked 
| 267|0x0000000711700000, 0x0000000711700000, 0x0000000711800000|  0%| F|  |TAMS 0x0000000711700000, 0x0000000711700000| Untracked 
| 268|0x0000000711800000, 0x0000000711800000, 0x0000000711900000|  0%| F|  |TAMS 0x0000000711800000, 0x0000000711800000| Untracked 
| 269|0x0000000711900000, 0x0000000711900000, 0x0000000711a00000|  0%| F|  |TAMS 0x0000000711900000, 0x0000000711900000| Untracked 
| 270|0x0000000711a00000, 0x0000000711a00000, 0x0000000711b00000|  0%| F|  |TAMS 0x0000000711a00000, 0x0000000711a00000| Untracked 
| 271|0x0000000711b00000, 0x0000000711b00000, 0x0000000711c00000|  0%| F|  |TAMS 0x0000000711b00000, 0x0000000711b00000| Untracked 
| 272|0x0000000711c00000, 0x0000000711c80800, 0x0000000711d00000| 50%| E|  |TAMS 0x0000000711c00000, 0x0000000711c00000| Complete 
| 273|0x0000000711d00000, 0x0000000711e00000, 0x0000000711e00000|100%| E|CS|TAMS 0x0000000711d00000, 0x0000000711d00000| Complete 
| 274|0x0000000711e00000, 0x0000000711f00000, 0x0000000711f00000|100%| E|CS|TAMS 0x0000000711e00000, 0x0000000711e00000| Complete 
| 275|0x0000000711f00000, 0x0000000712000000, 0x0000000712000000|100%| E|CS|TAMS 0x0000000711f00000, 0x0000000711f00000| Complete 
| 276|0x0000000712000000, 0x0000000712100000, 0x0000000712100000|100%| E|CS|TAMS 0x0000000712000000, 0x0000000712000000| Complete 
| 277|0x0000000712100000, 0x0000000712200000, 0x0000000712200000|100%| E|CS|TAMS 0x0000000712100000, 0x0000000712100000| Complete 
| 278|0x0000000712200000, 0x0000000712300000, 0x0000000712300000|100%| E|CS|TAMS 0x0000000712200000, 0x0000000712200000| Complete 
| 279|0x0000000712300000, 0x0000000712400000, 0x0000000712400000|100%| E|CS|TAMS 0x0000000712300000, 0x0000000712300000| Complete 
| 280|0x0000000712400000, 0x0000000712500000, 0x0000000712500000|100%| E|CS|TAMS 0x0000000712400000, 0x0000000712400000| Complete 
| 281|0x0000000712500000, 0x0000000712600000, 0x0000000712600000|100%| E|CS|TAMS 0x0000000712500000, 0x0000000712500000| Complete 
| 282|0x0000000712600000, 0x0000000712700000, 0x0000000712700000|100%| E|CS|TAMS 0x0000000712600000, 0x0000000712600000| Complete 
| 283|0x0000000712700000, 0x0000000712800000, 0x0000000712800000|100%| E|CS|TAMS 0x0000000712700000, 0x0000000712700000| Complete 
| 284|0x0000000712800000, 0x0000000712900000, 0x0000000712900000|100%| E|CS|TAMS 0x0000000712800000, 0x0000000712800000| Complete 
| 285|0x0000000712900000, 0x0000000712a00000, 0x0000000712a00000|100%| E|CS|TAMS 0x0000000712900000, 0x0000000712900000| Complete 
| 286|0x0000000712a00000, 0x0000000712b00000, 0x0000000712b00000|100%| E|CS|TAMS 0x0000000712a00000, 0x0000000712a00000| Complete 
| 287|0x0000000712b00000, 0x0000000712c00000, 0x0000000712c00000|100%| E|CS|TAMS 0x0000000712b00000, 0x0000000712b00000| Complete 
| 288|0x0000000712c00000, 0x0000000712d00000, 0x0000000712d00000|100%| E|CS|TAMS 0x0000000712c00000, 0x0000000712c00000| Complete 
| 289|0x0000000712d00000, 0x0000000712e00000, 0x0000000712e00000|100%| E|CS|TAMS 0x0000000712d00000, 0x0000000712d00000| Complete 
| 290|0x0000000712e00000, 0x0000000712f00000, 0x0000000712f00000|100%| E|CS|TAMS 0x0000000712e00000, 0x0000000712e00000| Complete 
| 291|0x0000000712f00000, 0x0000000713000000, 0x0000000713000000|100%| E|CS|TAMS 0x0000000712f00000, 0x0000000712f00000| Complete 
| 292|0x0000000713000000, 0x00000007130de5f0, 0x0000000713100000| 86%| S|CS|TAMS 0x0000000713000000, 0x0000000713000000| Complete 
| 293|0x0000000713100000, 0x0000000713200000, 0x0000000713200000|100%| S|CS|TAMS 0x0000000713100000, 0x0000000713100000| Complete 
| 294|0x0000000713200000, 0x0000000713300000, 0x0000000713300000|100%| S|CS|TAMS 0x0000000713200000, 0x0000000713200000| Complete 
| 295|0x0000000713300000, 0x0000000713400000, 0x0000000713400000|100%| E|CS|TAMS 0x0000000713300000, 0x0000000713300000| Complete 
| 296|0x0000000713400000, 0x0000000713500000, 0x0000000713500000|100%| E|CS|TAMS 0x0000000713400000, 0x0000000713400000| Complete 
| 297|0x0000000713500000, 0x0000000713600000, 0x0000000713600000|100%| E|CS|TAMS 0x0000000713500000, 0x0000000713500000| Complete 
| 298|0x0000000713600000, 0x0000000713700000, 0x0000000713700000|100%| E|CS|TAMS 0x0000000713600000, 0x0000000713600000| Complete 
| 299|0x0000000713700000, 0x0000000713800000, 0x0000000713800000|100%| E|CS|TAMS 0x0000000713700000, 0x0000000713700000| Complete 
| 300|0x0000000713800000, 0x0000000713900000, 0x0000000713900000|100%| E|CS|TAMS 0x0000000713800000, 0x0000000713800000| Complete 
| 301|0x0000000713900000, 0x0000000713a00000, 0x0000000713a00000|100%| E|CS|TAMS 0x0000000713900000, 0x0000000713900000| Complete 
| 302|0x0000000713a00000, 0x0000000713b00000, 0x0000000713b00000|100%| E|CS|TAMS 0x0000000713a00000, 0x0000000713a00000| Complete 
| 303|0x0000000713b00000, 0x0000000713c00000, 0x0000000713c00000|100%| E|CS|TAMS 0x0000000713b00000, 0x0000000713b00000| Complete 
| 304|0x0000000713c00000, 0x0000000713d00000, 0x0000000713d00000|100%| E|CS|TAMS 0x0000000713c00000, 0x0000000713c00000| Complete 
| 305|0x0000000713d00000, 0x0000000713e00000, 0x0000000713e00000|100%| E|CS|TAMS 0x0000000713d00000, 0x0000000713d00000| Complete 
| 306|0x0000000713e00000, 0x0000000713f00000, 0x0000000713f00000|100%| E|CS|TAMS 0x0000000713e00000, 0x0000000713e00000| Complete 
| 307|0x0000000713f00000, 0x0000000714000000, 0x0000000714000000|100%| E|CS|TAMS 0x0000000713f00000, 0x0000000713f00000| Complete 

Card table byte_map: [0x000001c931de0000,0x000001c9325e0000] _byte_map_base: 0x000001c92e5da000

Marking Bits (Prev, Next): (CMBitMap*) 0x000001c919276398, (CMBitMap*) 0x000001c9192763d0
 Prev Bits: [0x000001c932de0000, 0x000001c936db0000)
 Next Bits: [0x000001c936db0000, 0x000001c93ad80000)

Polling page: 0x000001c917960000

Metaspace:

Usage:
  Non-class:     32.24 MB capacity,    31.73 MB ( 98%) used,   448.95 KB (  1%) free+waste,    71.56 KB ( <1%) overhead. 
      Class:      3.81 MB capacity,     3.56 MB ( 93%) used,   226.30 KB (  6%) free+waste,    28.13 KB ( <1%) overhead. 
       Both:     36.05 MB capacity,    35.29 MB ( 98%) used,   675.25 KB (  2%) free+waste,    99.69 KB ( <1%) overhead. 

Virtual space:
  Non-class space:       34.00 MB reserved,      32.33 MB ( 95%) committed 
      Class space:        1.00 GB reserved,       3.88 MB ( <1%) committed 
             Both:        1.03 GB reserved,      36.20 MB (  3%) committed 

Chunk freelists:
   Non-Class:  3.25 KB
       Class:  128 bytes
        Both:  3.38 KB

CodeHeap 'non-profiled nmethods': size=119168Kb used=4681Kb max_used=5180Kb free=114486Kb
 bounds [0x000001c9291d0000, 0x000001c9296f0000, 0x000001c930630000]
CodeHeap 'profiled nmethods': size=119168Kb used=17588Kb max_used=18903Kb free=101579Kb
 bounds [0x000001c921d70000, 0x000001c923020000, 0x000001c9291d0000]
CodeHeap 'non-nmethods': size=7424Kb used=2882Kb max_used=2938Kb free=4541Kb
 bounds [0x000001c921630000, 0x000001c921920000, 0x000001c921d70000]
 total_blobs=7502 nmethods=7022 adapters=385
 compilation: enabled
              stopped_count=0, restarted_count=0
 full_count=0

Compilation events (10 events):
Event: 4.134 Thread 0x000001c93e802000 nmethod 8482 0x000001c921fe0190 code [0x000001c921fe0360, 0x000001c921fe06b0]
Event: 4.134 Thread 0x000001c93f282800 8483       3       com.sun.tools.javac.code.Symbol::isStatic (65 bytes)
Event: 4.134 Thread 0x000001c93f282800 nmethod 8483 0x000001c921fec610 code [0x000001c921fec7e0, 0x000001c921fecc60]
Event: 4.135 Thread 0x000001c93e99f000 8484       3       java.util.stream.ReduceOps$3ReducingSink::begin (14 bytes)
Event: 4.135 Thread 0x000001c93e99f000 nmethod 8484 0x000001c921fe3010 code [0x000001c921fe31c0, 0x000001c921fe3450]
Event: 4.139 Thread 0x000001c93e996000 8485   !   3       sun.nio.fs.WindowsFileSystemProvider::newByteChannel (71 bytes)
Event: 4.139 Thread 0x000001c93e802000 8486       3       sun.nio.fs.WindowsSecurityDescriptor::fromAttribute (134 bytes)
Event: 4.139 Thread 0x000001c93f282800 8487       3       sun.nio.fs.WindowsSecurityDescriptor::address (19 bytes)
Event: 4.139 Thread 0x000001c93f282800 nmethod 8487 0x000001c921ff3110 code [0x000001c921ff32c0, 0x000001c921ff34b8]
Event: 4.139 Thread 0x000001c93e996000 nmethod 8485 0x000001c92205e010 code [0x000001c92205e2a0, 0x000001c92205ed90]

GC Heap History (10 events):
Event: 0.973 GC heap before
{Heap before GC invocations=1 (full 0):
 garbage-first heap   total 262144K, used 57853K [0x0000000700c00000, 0x0000000800000000)
  region size 1024K, 57 young (58368K), 3 survivors (3072K)
 Metaspace       used 20834K, capacity 21152K, committed 21296K, reserved 1069056K
  class space    used 2224K, capacity 2353K, committed 2432K, reserved 1048576K
}
Event: 0.977 GC heap after
{Heap after GC invocations=2 (full 0):
 garbage-first heap   total 262144K, used 6284K [0x0000000700c00000, 0x0000000800000000)
  region size 1024K, 6 young (6144K), 6 survivors (6144K)
 Metaspace       used 20834K, capacity 21152K, committed 21296K, reserved 1069056K
  class space    used 2224K, capacity 2353K, committed 2432K, reserved 1048576K
}
Event: 1.720 GC heap before
{Heap before GC invocations=3 (full 0):
 garbage-first heap   total 262144K, used 71820K [0x0000000700c00000, 0x0000000800000000)
  region size 1024K, 70 young (71680K), 6 survivors (6144K)
 Metaspace       used 22349K, capacity 22840K, committed 23088K, reserved 1071104K
  class space    used 2292K, capacity 2422K, committed 2432K, reserved 1048576K
}
Event: 1.725 GC heap after
{Heap after GC invocations=4 (full 0):
 garbage-first heap   total 262144K, used 9126K [0x0000000700c00000, 0x0000000800000000)
  region size 1024K, 6 young (6144K), 6 survivors (6144K)
 Metaspace       used 22349K, capacity 22840K, committed 23088K, reserved 1071104K
  class space    used 2292K, capacity 2422K, committed 2432K, reserved 1048576K
}
Event: 2.690 GC heap before
{Heap before GC invocations=4 (full 0):
 garbage-first heap   total 262144K, used 105382K [0x0000000700c00000, 0x0000000800000000)
  region size 1024K, 97 young (99328K), 6 survivors (6144K)
 Metaspace       used 31046K, capacity 31659K, committed 31920K, reserved 1077248K
  class space    used 3267K, capacity 3494K, committed 3584K, reserved 1048576K
}
Event: 2.698 GC heap after
{Heap after GC invocations=5 (full 0):
 garbage-first heap   total 262144K, used 20074K [0x0000000700c00000, 0x0000000800000000)
  region size 1024K, 13 young (13312K), 13 survivors (13312K)
 Metaspace       used 31046K, capacity 31659K, committed 31920K, reserved 1077248K
  class space    used 3267K, capacity 3494K, committed 3584K, reserved 1048576K
}
Event: 3.578 GC heap before
{Heap before GC invocations=5 (full 0):
 garbage-first heap   total 262144K, used 168554K [0x0000000700c00000, 0x0000000800000000)
  region size 1024K, 153 young (156672K), 13 survivors (13312K)
 Metaspace       used 33780K, capacity 34515K, committed 34608K, reserved 1081344K
  class space    used 3450K, capacity 3686K, committed 3712K, reserved 1048576K
}
Event: 3.596 GC heap after
{Heap after GC invocations=6 (full 0):
 garbage-first heap   total 315392K, used 45734K [0x0000000700c00000, 0x0000000800000000)
  region size 1024K, 20 young (20480K), 20 survivors (20480K)
 Metaspace       used 33780K, capacity 34515K, committed 34608K, reserved 1081344K
  class space    used 3450K, capacity 3686K, committed 3712K, reserved 1048576K
}
Event: 3.757 GC heap before
{Heap before GC invocations=6 (full 0):
 garbage-first heap   total 315392K, used 58022K [0x0000000700c00000, 0x0000000800000000)
  region size 1024K, 33 young (33792K), 20 survivors (20480K)
 Metaspace       used 35092K, capacity 35855K, committed 35920K, reserved 1081344K
  class space    used 3583K, capacity 3837K, committed 3840K, reserved 1048576K
}
Event: 3.768 GC heap after
{Heap after GC invocations=7 (full 0):
 garbage-first heap   total 315392K, used 49533K [0x0000000700c00000, 0x0000000800000000)
  region size 1024K, 3 young (3072K), 3 survivors (3072K)
 Metaspace       used 35092K, capacity 35855K, committed 35920K, reserved 1081344K
  class space    used 3583K, capacity 3837K, committed 3840K, reserved 1048576K
}

Deoptimization events (10 events):
Event: 4.031 Thread 0x000001c919217000 Uncommon trap: reason=class_check action=maybe_recompile pc=0x000001c9296c6acc method=com.sun.tools.javac.jvm.Gen.genExpr(Lcom/sun/tools/javac/tree/JCTree;Lcom/sun/tools/javac/code/Type;)Lcom/sun/tools/javac/jvm/Items$Item; @ 20 c2
Event: 4.049 Thread 0x000001c919217000 Uncommon trap: reason=class_check action=maybe_recompile pc=0x000001c9296c6acc method=com.sun.tools.javac.jvm.Gen.genExpr(Lcom/sun/tools/javac/tree/JCTree;Lcom/sun/tools/javac/code/Type;)Lcom/sun/tools/javac/jvm/Items$Item; @ 20 c2
Event: 4.057 Thread 0x000001c919217000 Uncommon trap: reason=unstable_if action=reinterpret pc=0x000001c9296d5834 method=com.sun.tools.javac.code.Types.isConvertible(Lcom/sun/tools/javac/code/Type;Lcom/sun/tools/javac/code/Type;Lcom/sun/tools/javac/util/Warner;)Z @ 64 c2
Event: 4.086 Thread 0x000001c919217000 Uncommon trap: reason=bimorphic_or_optimized_type_check action=maybe_recompile pc=0x000001c9296b8f60 method=com.sun.tools.javac.code.Types$5.visitType(Lcom/sun/tools/javac/code/Type;Lcom/sun/tools/javac/code/Type;)Ljava/lang/Boolean; @ 145 c2
Event: 4.086 Thread 0x000001c919217000 Uncommon trap: reason=bimorphic_or_optimized_type_check action=maybe_recompile pc=0x000001c9296b8f60 method=com.sun.tools.javac.code.Types$5.visitType(Lcom/sun/tools/javac/code/Type;Lcom/sun/tools/javac/code/Type;)Ljava/lang/Boolean; @ 145 c2
Event: 4.086 Thread 0x000001c919217000 Uncommon trap: reason=bimorphic_or_optimized_type_check action=maybe_recompile pc=0x000001c9296b8f60 method=com.sun.tools.javac.code.Types$5.visitType(Lcom/sun/tools/javac/code/Type;Lcom/sun/tools/javac/code/Type;)Ljava/lang/Boolean; @ 145 c2
Event: 4.086 Thread 0x000001c919217000 Uncommon trap: reason=bimorphic_or_optimized_type_check action=maybe_recompile pc=0x000001c9296b8f60 method=com.sun.tools.javac.code.Types$5.visitType(Lcom/sun/tools/javac/code/Type;Lcom/sun/tools/javac/code/Type;)Ljava/lang/Boolean; @ 145 c2
Event: 4.091 Thread 0x000001c919217000 Uncommon trap: reason=bimorphic_or_optimized_type_check action=maybe_recompile pc=0x000001c9296bcd1c method=com.sun.tools.javac.tree.TreeInfo.getStartPos(Lcom/sun/tools/javac/tree/JCTree;)I @ 355 c2
Event: 4.091 Thread 0x000001c919217000 Uncommon trap: reason=bimorphic_or_optimized_type_check action=maybe_recompile pc=0x000001c9296bcd1c method=com.sun.tools.javac.tree.TreeInfo.getStartPos(Lcom/sun/tools/javac/tree/JCTree;)I @ 355 c2
Event: 4.133 Thread 0x000001c919217000 Uncommon trap: reason=bimorphic_or_optimized_type_check action=maybe_recompile pc=0x000001c9296b6a2c method=com.sun.tools.javac.code.Symbol.isStatic()Z @ 17 c2

Classes redefined (0 events):
No events

Internal exceptions (10 events):
Event: 4.054 Thread 0x000001c919217000 Exception <a 'sun/nio/fs/WindowsException'{0x000000071261f680}> (0x000000071261f680) thrown at [./open/src/hotspot/share/prims/jni.cpp, line 611]
Event: 4.061 Thread 0x000001c919217000 Exception <a 'sun/nio/fs/WindowsException'{0x0000000712677458}> (0x0000000712677458) thrown at [./open/src/hotspot/share/prims/jni.cpp, line 611]
Event: 4.099 Thread 0x000001c919217000 Exception <a 'sun/nio/fs/WindowsException'{0x00000007123e0b88}> (0x00000007123e0b88) thrown at [./open/src/hotspot/share/prims/jni.cpp, line 611]
Event: 4.115 Thread 0x000001c919217000 Exception <a 'sun/nio/fs/WindowsException'{0x0000000712113d08}> (0x0000000712113d08) thrown at [./open/src/hotspot/share/prims/jni.cpp, line 611]
Event: 4.116 Thread 0x000001c919217000 Exception <a 'sun/nio/fs/WindowsException'{0x0000000712127b70}> (0x0000000712127b70) thrown at [./open/src/hotspot/share/prims/jni.cpp, line 611]
Event: 4.124 Thread 0x000001c919217000 Exception <a 'sun/nio/fs/WindowsException'{0x00000007121ee310}> (0x00000007121ee310) thrown at [./open/src/hotspot/share/prims/jni.cpp, line 611]
Event: 4.127 Thread 0x000001c919217000 Exception <a 'sun/nio/fs/WindowsException'{0x0000000712012de0}> (0x0000000712012de0) thrown at [./open/src/hotspot/share/prims/jni.cpp, line 611]
Event: 4.129 Thread 0x000001c919217000 Exception <a 'sun/nio/fs/WindowsException'{0x000000071202ad00}> (0x000000071202ad00) thrown at [./open/src/hotspot/share/prims/jni.cpp, line 611]
Event: 4.137 Thread 0x000001c919217000 Exception <a 'sun/nio/fs/WindowsException'{0x00000007120cf3d8}> (0x00000007120cf3d8) thrown at [./open/src/hotspot/share/prims/jni.cpp, line 611]
Event: 4.139 Thread 0x000001c919217000 Exception <a 'sun/nio/fs/WindowsException'{0x00000007120df298}> (0x00000007120df298) thrown at [./open/src/hotspot/share/prims/jni.cpp, line 611]

Events (10 events):
Event: 4.109 loading class com/sun/tools/javac/code/Type done
Event: 4.109 loading class com/sun/tools/javac/comp/Attr
Event: 4.109 loading class com/sun/tools/javac/comp/Attr done
Event: 4.109 loading class com/sun/tools/javac/code/Type
Event: 4.109 loading class com/sun/tools/javac/code/Type done
Event: 4.109 loading class com/sun/tools/javac/code/Type
Event: 4.109 loading class com/sun/tools/javac/code/Type done
Event: 4.133 Thread 0x000001c919217000 Uncommon trap: trap_request=0xffffffc6 fr.pc=0x000001c9296b6a2c relative=0x00000000000000ec
Event: 4.133 Thread 0x000001c919217000 DEOPT PACKING pc=0x000001c9296b6a2c sp=0x00000029da1f8ca0
Event: 4.133 Thread 0x000001c919217000 DEOPT UNPACKING pc=0x000001c9216591af sp=0x00000029da1f8c40 mode 2


Dynamic libraries:
0x00007ff7095c0000 - 0x00007ff7095cf000 	C:\Program Files\Java\jdk-11.0.8\bin\java.exe
0x00007fff1b710000 - 0x00007fff1b905000 	C:\Windows\SYSTEM32\ntdll.dll
0x00007fff1a750000 - 0x00007fff1a80e000 	C:\Windows\System32\KERNEL32.DLL
0x00007fff19150000 - 0x00007fff19418000 	C:\Windows\System32\KERNELBASE.dll
0x00007fff19670000 - 0x00007fff19770000 	C:\Windows\System32\ucrtbase.dll
0x00007fff0d650000 - 0x00007fff0d668000 	C:\Program Files\Java\jdk-11.0.8\bin\jli.dll
0x00007fff0db10000 - 0x00007fff0db25000 	C:\Program Files\Java\jdk-11.0.8\bin\VCRUNTIME140.dll
0x00007fff1b0f0000 - 0x00007fff1b19e000 	C:\Windows\System32\ADVAPI32.dll
0x00007fff1abb0000 - 0x00007fff1ac4e000 	C:\Windows\System32\msvcrt.dll
0x00007fff1b370000 - 0x00007fff1b40c000 	C:\Windows\System32\sechost.dll
0x00007fff1a620000 - 0x00007fff1a745000 	C:\Windows\System32\RPCRT4.dll
0x00007fff1b410000 - 0x00007fff1b5b0000 	C:\Windows\System32\USER32.dll
0x00007fff194b0000 - 0x00007fff194d2000 	C:\Windows\System32\win32u.dll
0x00007fff0cd20000 - 0x00007fff0cfba000 	C:\Windows\WinSxS\amd64_microsoft.windows.common-controls_6595b64144ccf1df_6.0.19041.1110_none_60b5254171f9507e\COMCTL32.dll
0x00007fff1a850000 - 0x00007fff1a87b000 	C:\Windows\System32\GDI32.dll
0x00007fff18e30000 - 0x00007fff18f3b000 	C:\Windows\System32\gdi32full.dll
0x00007fff18f40000 - 0x00007fff18fdd000 	C:\Windows\System32\msvcp_win.dll
0x00007fff139c0000 - 0x00007fff139ca000 	C:\Windows\SYSTEM32\VERSION.dll
0x00007fff1a810000 - 0x00007fff1a840000 	C:\Windows\System32\IMM32.DLL
0x00007ffef75e0000 - 0x00007ffef767b000 	C:\Program Files\Java\jdk-11.0.8\bin\msvcp140.dll
0x00007ffe80df0000 - 0x00007ffe818d6000 	C:\Program Files\Java\jdk-11.0.8\bin\server\jvm.dll
0x00007fff1b0e0000 - 0x00007fff1b0e8000 	C:\Windows\System32\PSAPI.DLL
0x00007fff080b0000 - 0x00007fff080b9000 	C:\Windows\SYSTEM32\WSOCK32.dll
0x00007fff0b7d0000 - 0x00007fff0b7f7000 	C:\Windows\SYSTEM32\WINMM.dll
0x00007fff1a880000 - 0x00007fff1a8eb000 	C:\Windows\System32\WS2_32.dll
0x00007fff176f0000 - 0x00007fff17702000 	C:\Windows\SYSTEM32\kernel.appcore.dll
0x00007fff0fb30000 - 0x00007fff0fb40000 	C:\Program Files\Java\jdk-11.0.8\bin\verify.dll
0x00007fff16bc0000 - 0x00007fff16da4000 	C:\Windows\SYSTEM32\DBGHELP.DLL
0x00007fff0d760000 - 0x00007fff0d78c000 	C:\Windows\SYSTEM32\dbgcore.DLL
0x00007fff19420000 - 0x00007fff194a2000 	C:\Windows\System32\bcryptPrimitives.dll
0x00007fff0d620000 - 0x00007fff0d648000 	C:\Program Files\Java\jdk-11.0.8\bin\java.dll
0x00007fff0d510000 - 0x00007fff0d51a000 	C:\Program Files\Java\jdk-11.0.8\bin\jimage.dll
0x00007ffefbf90000 - 0x00007ffefbf9e000 	C:\Program Files\Java\jdk-11.0.8\bin\instrument.dll
0x00007ffefb500000 - 0x00007ffefb516000 	C:\Program Files\Java\jdk-11.0.8\bin\zip.dll
0x00007fff19cd0000 - 0x00007fff1a414000 	C:\Windows\System32\SHELL32.dll
0x00007fff16f40000 - 0x00007fff176d4000 	C:\Windows\SYSTEM32\windows.storage.dll
0x00007fff1ad80000 - 0x00007fff1b0d4000 	C:\Windows\System32\combase.dll
0x00007fff18890000 - 0x00007fff188bc000 	C:\Windows\SYSTEM32\Wldp.dll
0x00007fff1ab00000 - 0x00007fff1abad000 	C:\Windows\System32\SHCORE.dll
0x00007fff1a8f0000 - 0x00007fff1a945000 	C:\Windows\System32\shlwapi.dll
0x00007fff18d70000 - 0x00007fff18d8f000 	C:\Windows\SYSTEM32\profapi.dll
0x00007ffef9b60000 - 0x00007ffef9b79000 	C:\Program Files\Java\jdk-11.0.8\bin\net.dll
0x00007fff12510000 - 0x00007fff12619000 	C:\Windows\SYSTEM32\WINHTTP.dll
0x00007fff185f0000 - 0x00007fff1865a000 	C:\Windows\system32\mswsock.dll
0x00007ffef9b40000 - 0x00007ffef9b52000 	C:\Program Files\Java\jdk-11.0.8\bin\nio.dll
0x00007ffef9b20000 - 0x00007ffef9b3a000 	C:\Program Files\JetBrains\IntelliJ IDEA Community Edition 2021.3.2\bin\breakgen64.dll
0x00007fff187f0000 - 0x00007fff18808000 	C:\Windows\SYSTEM32\CRYPTSP.dll
0x00007fff17ea0000 - 0x00007fff17ed4000 	C:\Windows\system32\rsaenh.dll
0x00007fff194e0000 - 0x00007fff19507000 	C:\Windows\System32\bcrypt.dll
0x00007fff18d30000 - 0x00007fff18d5e000 	C:\Windows\SYSTEM32\USERENV.dll
0x00007fff187e0000 - 0x00007fff187ec000 	C:\Windows\SYSTEM32\CRYPTBASE.dll
0x00007fff18270000 - 0x00007fff182ab000 	C:\Windows\SYSTEM32\IPHLPAPI.DLL
0x00007fff1b360000 - 0x00007fff1b368000 	C:\Windows\System32\NSI.dll
0x00007fff13710000 - 0x00007fff13727000 	C:\Windows\SYSTEM32\dhcpcsvc6.DLL
0x00007fff136f0000 - 0x00007fff1370d000 	C:\Windows\SYSTEM32\dhcpcsvc.DLL
0x00007fff182b0000 - 0x00007fff1837a000 	C:\Windows\SYSTEM32\DNSAPI.dll
0x00007ffefb4f0000 - 0x00007ffefb4fa000 	C:\Users\lietotajs\AppData\Local\Temp\jansi-1.17.1-6391378923294138898.dll
0x00007ffef9b10000 - 0x00007ffef9b1a000 	C:\Users\lietotajs\AppData\Local\Temp\jansi-1.17.1-5480618980200711599.dll

dbghelp: loaded successfully - version: 4.0.5 - missing functions: none
symbol engine: initialized successfully - sym options: 0x614 - pdb path: .;C:\Program Files\Java\jdk-11.0.8\bin;C:\Windows\SYSTEM32;C:\Windows\WinSxS\amd64_microsoft.windows.common-controls_6595b64144ccf1df_6.0.19041.1110_none_60b5254171f9507e;C:\Program Files\Java\jdk-11.0.8\bin\server;C:\Program Files\JetBrains\IntelliJ IDEA Community Edition 2021.3.2\bin;C:\Users\lietotajs\AppData\Local\Temp

VM Arguments:
jvm_args: -Dmaven.multiModuleProjectDirectory=E:\Side_stuff\development\plugins\HungerGames\HungerGames -Dmaven.home=C:\Program Files\JetBrains\IntelliJ IDEA Community Edition 2021.3.2\plugins\maven\lib\maven3 -Dclassworlds.conf=C:\Program Files\JetBrains\IntelliJ IDEA Community Edition 2021.3.2\plugins\maven\lib\maven3\bin\m2.conf -Dmaven.ext.class.path=C:\Program Files\JetBrains\IntelliJ IDEA Community Edition 2021.3.2\plugins\maven\lib\maven-event-listener.jar -javaagent:C:\Program Files\JetBrains\IntelliJ IDEA Community Edition 2021.3.2\lib\idea_rt.jar=64838:C:\Program Files\JetBrains\IntelliJ IDEA Community Edition 2021.3.2\bin -Dfile.encoding=UTF-8 
java_command: org.codehaus.classworlds.Launcher -Didea.version=2021.3.2 package
java_class_path (initial): C:\Program Files\JetBrains\IntelliJ IDEA Community Edition 2021.3.2\plugins\maven\lib\maven3\boot\plexus-classworlds-2.6.0.jar;C:\Program Files\JetBrains\IntelliJ IDEA Community Edition 2021.3.2\plugins\maven\lib\maven3\boot\plexus-classworlds.license
Launcher Type: SUN_STANDARD

[Global flags]
     intx CICompilerCount                          = 12                                        {product} {ergonomic}
     uint ConcGCThreads                            = 3                                         {product} {ergonomic}
     uint G1ConcRefinementThreads                  = 13                                        {product} {ergonomic}
   size_t G1HeapRegionSize                         = 1048576                                   {product} {ergonomic}
    uintx GCDrainStackTargetSize                   = 64                                        {product} {ergonomic}
   size_t InitialHeapSize                          = 268435456                                 {product} {ergonomic}
   size_t MarkStackSize                            = 4194304                                   {product} {ergonomic}
   size_t MaxHeapSize                              = 4282384384                                {product} {ergonomic}
   size_t MaxNewSize                               = 2569011200                                {product} {ergonomic}
   size_t MinHeapDeltaBytes                        = 1048576                                   {product} {ergonomic}
    uintx NonNMethodCodeHeapSize                   = 7594288                                {pd product} {ergonomic}
    uintx NonProfiledCodeHeapSize                  = 122031976                              {pd product} {ergonomic}
    uintx ProfiledCodeHeapSize                     = 122031976                              {pd product} {ergonomic}
    uintx ReservedCodeCacheSize                    = 251658240                              {pd product} {ergonomic}
     bool SegmentedCodeCache                       = true                                      {product} {ergonomic}
     bool UseCompressedClassPointers               = true                                 {lp64_product} {ergonomic}
     bool UseCompressedOops                        = true                                 {lp64_product} {ergonomic}
     bool UseG1GC                                  = true                                      {product} {ergonomic}
     bool UseLargePagesIndividualAllocation        = false                                  {pd product} {ergonomic}

Logging:
Log output configuration:
 #0: stdout all=warning uptime,level,tags
 #1: stderr all=off uptime,level,tags

Environment Variables:
JAVA_HOME=C:\Program Files\Java\jdk-17.0.2
PATH=C:\Program Files\Java\jdk-17.0.2\bin;C:\Program Files\Common Files\Oracle\Java\javapath;C:\Program Files (x86)\Common Files\Oracle\Java\javapath;C:\Windows\system32;C:\Windows;C:\Windows\System32\Wbem;C:\Windows\System32\WindowsPowerShell\v1.0\;C:\Windows\System32\OpenSSH\;C:\Program Files\Git\cmd;C:\Program Files\PuTTY\;C:\Program Files\NVIDIA Corporation\NVIDIA NvDLISR;C:\Program Files (x86)\NVIDIA Corporation\PhysX\Common;C:\Program Files\nodejs\;C:\Users\lietotajs\AppData\Local\Microsoft\WindowsApps;C:\Users\lietotajs\AppData\Roaming\npm
USERNAME=lietotajs
OS=Windows_NT
PROCESSOR_IDENTIFIER=AMD64 Family 23 Model 113 Stepping 0, AuthenticAMD



---------------  S Y S T E M  ---------------

OS: Windows 10 , 64 bit Build 19041 (10.0.19041.1566)

CPU:total 16 (initial active 16) (16 cores per cpu, 2 threads per core) family 23 model 113 stepping 0, cmov, cx8, fxsr, mmx, sse, sse2, sse3, ssse3, sse4.1, sse4.2, popcnt, avx, avx2, aes, clmul, mmxext, 3dnowpref, lzcnt, sse4a, ht, tsc, tscinvbit, tscinv, bmi1, bmi2, adx, sha, fma

Memory: 4k page, system-wide physical 16334M (4763M free)
TotalPageFile size 21136M (AvailPageFile size 3353M)
current process WorkingSet (physical memory assigned to process): 483M, peak: 498M
current process commit charge ("private bytes"): 590M, peak: 606M

vm_info: Java HotSpot(TM) 64-Bit Server VM (11.0.8+10-LTS) for windows-amd64 JRE (11.0.8+10-LTS), built on Jun 16 2020 05:53:08 by "mach5one" with unknown MS VC++:1916

END.
